make all --print-data-base --no-builtin-variables --no-builtin-rules --question
# GNU Make 3.81
# Copyright (C) 2006  Free Software Foundation, Inc.
# This is free software; see the source for copying conditions.
# There is NO warranty; not even for MERCHANTABILITY or FITNESS FOR A
# PARTICULAR PURPOSE.

# This program built for i386-apple-darwin11.3.0
 
make: *** No rule to make target `all'.  Stop.


# Make data base, printed on Sat Jun  4 18:11:49 2022

# Variables

# automatic
<D = $(patsubst %/,%,$(dir $<))
 
# automatic
?F = $(notdir $?)
# environment
ELECTRON_NO_ATTACH_CONSOLE = 1
# environment
VSCODE_LOG_NATIVE = false
# automatic
?D = $(patsubst %/,%,$(dir $?))
# automatic
@D = $(patsubst %/,%,$(dir $@))
# automatic
@F = $(notdir $@)
# makefile
CURDIR := /Users/drector/Documents/projects/stringtest
# makefile
SHELL = /bin/sh
# environment
VSCODE_NLS_CONFIG = {"locale":"en-us","availableLanguages":{},"_languagePackSupport":true}
# environment
_ = /usr/bin/make
# makefile
MAKEFILE_LIST := 
# environment
VSCODE_VERBOSE_LOGGING = true
# environment
__CFBundleIdentifier = com.microsoft.VSCode
# environment
VSCODE_IPC_HOOK_EXTHOST = /var/folders/18/zk8blt8x007brsv22l23mnqc0000gp/T/vscode-ipc-2f7d0dde-cffa-480f-9ee9-384f7ffc82b7.sock
# environment
VSCODE_CWD = /Users/drector/Documents/projects/stringtest
# environment
PATH = /usr/local/bin:/usr/bin:/bin:/usr/sbin:/sbin:/Applications/VMware Fusion.app/Contents/Public:/usr/local/share/dotnet:~/.dotnet/tools:/Library/Apple/usr/bin:/Library/Frameworks/Mono.framework/Versions/Current/Commands:/Applications/Wireshark.app/Contents/MacOS
# environment
VSCODE_LOG_STACK = false
# environment
ELECTRON_RUN_AS_NODE = 1
# default
.FEATURES := target-specific order-only second-expansion else-if archives jobserver check-symlink
# environment
SSH_AUTH_SOCK = /private/tmp/com.apple.launchd.7ncQ2ofN9M/Listeners
# automatic
%F = $(notdir $%)
# environment
VSCODE_PIPE_LOGGING = true
# environment
PWD = /Users/drector/documents/projects/stringtest
# environment
ORIGINAL_XDG_CURRENT_DESKTOP = undefined
# environment
VSCODE_AMD_ENTRYPOINT = vs/workbench/api/node/extensionHostProcess
# environment
HOME = /Users/drector
# default
MAKEFILEPATH = $(shell /usr/bin/xcode-select -print-path 2>/dev/null || echo /Developer)/Makefiles
# environment
VSCODE_CLI = 1
# environment
VSCODE_CODE_CACHE_PATH = /Users/drector/Library/Application Support/Code/CachedData/c3511e6c69bb39013c4a4b7b9566ec1ca73fc4d5
# environment
LOGNAME = drector
# environment
APPLICATION_INSIGHTS_NO_DIAGNOSTIC_CHANNEL = true
# environment
VSCODE_HANDLES_UNCAUGHT_ERRORS = true
# automatic
^D = $(patsubst %/,%,$(dir $^))
# environment
XPC_FLAGS = 0x0
# default
MAKE = $(MAKE_COMMAND)
# default
MAKECMDGOALS := all
# environment
SHLVL = 3
# default
MAKE_VERSION := 3.81
# environment
USER = drector
# makefile
.DEFAULT_GOAL := 
# environment
TERM_SESSION_ID = 0745987F-49EA-487F-BAE6-6E50DC25191B
# automatic
%D = $(patsubst %/,%,$(dir $%))
# default
MAKE_COMMAND := /Library/Developer/CommandLineTools/usr/bin/make
# environment
TERM_PROGRAM = Apple_Terminal
# default
.VARIABLES := 
# environment
TMPDIR = /var/folders/18/zk8blt8x007brsv22l23mnqc0000gp/T/
# automatic
*F = $(notdir $*)
# environment
VSCODE_IPC_HOOK = /Users/drector/Library/Application Support/Code/1.67.2-main.sock
# makefile
MAKEFLAGS = Rrqp
# environment
MFLAGS = -Rrqp
# automatic
*D = $(patsubst %/,%,$(dir $*))
# environment
TERM_PROGRAM_VERSION = 444
# environment
XPC_SERVICE_NAME = application.com.microsoft.VSCode.28845765.28845771.CC0A080C-D157-41FC-A5B7-A787BE35EAD8
# automatic
+D = $(patsubst %/,%,$(dir $+))
# automatic
+F = $(notdir $+)
# environment
__CF_USER_TEXT_ENCODING = 0x1F6:0x0:0x0
# environment
COMMAND_MODE = unix2003
# default
MAKEFILES := 
# automatic
<F = $(notdir $<)
# environment
LC_ALL = C
# automatic
^F = $(notdir $^)
# default
SUFFIXES := 
# default
.INCLUDE_DIRS = /usr/local/include
# environment
MAKELEVEL := 0
# environment
LANG = C
# environment
TERM = xterm-256color
# environment
VSCODE_PID = 69072
# variable set hash-table stats:
# Load=68/1024=7%, Rehash=0, Collisions=1/89=1%

# Pattern-specific Variable Values

# No pattern-specific variable values.

# Directories

# . (device 16777221, inode 30555352): 5 files, no impossibilities.

# 5 files, no impossibilities in 1 directories.

 
# Implicit Rules

# No implicit rules.

# Files

# Not a target:
all:
#  Command-line target.
#  Implicit rule search has been done.
#  File does not exist.
#  File has not been updated.
# variable set hash-table stats:
# Load=0/32=0%, Rehash=0, Collisions=0/0=0%

# Not a target:
.SUFFIXES:
#  Implicit rule search has not been done.
#  Modification time never checked.
#  File has not been updated.

# Not a target:
Makefile:
#  A default, MAKEFILES, or -include/sinclude makefile.
#  Implicit rule search has been done.
#  File does not exist.
#  File has been updated.
#  Failed to be updated.
# variable set hash-table stats:
# Load=0/32=0%, Rehash=0, Collisions=0/0=0%

# Not a target:
makefile:
#  A default, MAKEFILES, or -include/sinclude makefile.
#  Implicit rule search has been done.
#  File does not exist.
#  File has been updated.
#  Failed to be updated.
# variable set hash-table stats:
# Load=0/32=0%, Rehash=0, Collisions=0/0=0%

# Not a target:
.DEFAULT:
#  Implicit rule search has not been done.
#  Modification time never checked.
#  File has not been updated.

# Not a target:
GNUmakefile:
#  A default, MAKEFILES, or -include/sinclude makefile.
#  Implicit rule search has been done.
#  File does not exist.
#  File has been updated.
#  Failed to be updated.
# variable set hash-table stats:
# Load=0/32=0%, Rehash=0, Collisions=0/0=0%

# files hash-table stats:
# Load=6/1024=1%, Rehash=0, Collisions=0/17=0%
# VPATH Search Paths

# No `vpath' search paths.

# No general (`VPATH' variable) search path.

# # of strings in strcache: 0
# # of strcache buffers: 0
# strcache size: total = 0 / max = 0 / min = 4096 / avg = 0
# strcache free: total = 0 / max = 0 / min = 4096 / avg = 0

# Finished Make data base on Sat Jun  4 18:11:49 2022

 
